Mapping logical library work (line 1) to current logical library
ssp_ad_preaddr_v2_00_b ...
Mapping logical library work (line 2) to current logical library
ssp_ad_preaddr_v2_00_b ...
Parsing XST project file successfully ...
Analyzing HDL source files ...
Analyzing HDL source files successfully ...
HDL language for the peripheral (top level) design unit ssp_ad_preaddr_cw is
vhdl ...
INFO:MDT - Create temparary xst project file:
   C:\edk_user_repository\MyProcessorIPLib\pcores/ssp_ad_preaddr.prj
Compiling vhdl file
"D:/Data/Xilinx/sysgen/SSP/ssp_proto/V2_2/pa_netlist/ssp_ad_preaddr.vhd" in
Library ssp_ad_preaddr_v2_00_b.
Entity <adder_subtracter_virtex4_7_0_7161b523aa791f67> compiled.
Entity <adder_subtracter_virtex4_7_0_7161b523aa791f67> (Architecture
<adder_subtracter_virtex4_7_0_7161b523aa791f67_a>) compiled.
Entity <binary_counter_virtex4_7_0_05c60f15ba9b4566> compiled.
Entity <binary_counter_virtex4_7_0_05c60f15ba9b4566> (Architecture
<binary_counter_virtex4_7_0_05c60f15ba9b4566_a>) compiled.
Package <conv_pkg> compiled.
Package body <conv_pkg> compiled.
Package <clock_pkg> compiled.
Entity <srl17e> compiled.
Entity <srl17e> (Architecture <structural>) compiled.
Entity <synth_reg> compiled.
Entity <synth_reg> (Architecture <structural>) compiled.
Entity <synth_reg_reg> compiled.
Entity <synth_reg_reg> (Architecture <behav>) compiled.
Entity <single_reg_w_init> compiled.
Entity <single_reg_w_init> (Architecture <structural>) compiled.
Entity <synth_reg_w_init> compiled.
Entity <synth_reg_w_init> (Architecture <structural>) compiled.
Entity <concat_ad92c7d32a> compiled.
Entity <concat_ad92c7d32a> (Architecture <behavior>) compiled.
Entity <convert_func_call> compiled.
Entity <convert_func_call> (Architecture <behavior>) compiled.
Entity <xlconvert> compiled.
Entity <xlconvert> (Architecture <behavior>) compiled.
Entity <constant_7244cd602b> compiled.
Entity <constant_7244cd602b> (Architecture <behavior>) compiled.
Entity <xlcounter_free> compiled.
Entity <xlcounter_free> (Architecture <behavior>) compiled.
Entity <inverter_e5b38cca3b> compiled.
Entity <inverter_e5b38cca3b> (Architecture <behavior>) compiled.
Entity <logical_aacf6e1b0e> compiled.
Entity <logical_aacf6e1b0e> (Architecture <behavior>) compiled.
Entity <logical_80f90b97d0> compiled.
Entity <logical_80f90b97d0> (Architecture <behavior>) compiled.
Entity <relational_4fbf217ac0> compiled.
Entity <relational_4fbf217ac0> (Architecture <behavior>) compiled.
Entity <logical_6cb8f0ce02> compiled.
Entity <logical_6cb8f0ce02> (Architecture <behavior>) compiled.
Entity <xlregister> compiled.
Entity <xlregister> (Architecture <behavior>) compiled.
Entity <xlslice> compiled.
Entity <xlslice> (Architecture <behavior>) compiled.
Entity <logical_5231522ffb> compiled.
Entity <logical_5231522ffb> (Architecture <behavior>) compiled.
Entity <logical_c23fa12cbe> compiled.
Entity <logical_c23fa12cbe> (Architecture <behavior>) compiled.
Entity <xladdsub> compiled.
Entity <xladdsub> (Architecture <behavior>) compiled.
Entity <concat_f968b5022c> compiled.
Entity <concat_f968b5022c> (Architecture <behavior>) compiled.
Entity <relational_97b5175c82> compiled.
Entity <relational_97b5175c82> (Architecture <behavior>) compiled.
Entity <paoutbusen_entity_95d8253342> compiled.
Entity <paoutbusen_entity_95d8253342> (Architecture <structural>) compiled.
Entity <count_entity_4063168936> compiled.
Entity <count_entity_4063168936> (Architecture <structural>) compiled.
Entity <conv1to1_entity_caa825e00e> compiled.
Entity <conv1to1_entity_caa825e00e> (Architecture <structural>) compiled.
Entity <fifo_stat_entity_2938913b15> compiled.
Entity <fifo_stat_entity_2938913b15> (Architecture <structural>) compiled.
Entity <fifodec_entity_8b1eb788fe> compiled.
Entity <fifodec_entity_8b1eb788fe> (Architecture <structural>) compiled.
Entity <resplit_entity_a33a40d896> compiled.
Entity <resplit_entity_a33a40d896> (Architecture <structural>) compiled.
Entity <fifo_entity_e25fe9d574> compiled.
Entity <fifo_entity_e25fe9d574> (Architecture <structural>) compiled.
Entity <state_entity_0b670ef104> compiled.
Entity <state_entity_0b670ef104> (Architecture <structural>) compiled.
Entity <preaddera_entity_3311f99bda> compiled.
Entity <preaddera_entity_3311f99bda> (Architecture <structural>) compiled.
Entity <ssp_ad_preaddr> compiled.
Entity <ssp_ad_preaddr> (Architecture <structural>) compiled.
Compiling vhdl file
"D:/Data/Xilinx/sysgen/SSP/ssp_proto/V2_2/pa_netlist/ssp_ad_preaddr_cw.vhd" in
Library ssp_ad_preaddr_v2_00_b.
Entity <xlclkprobe> compiled.
Entity <xlclkprobe> (Architecture <behavior>) compiled.
Entity <xlclockdriver> compiled.
Entity <xlclockdriver> (Architecture <behavior>) compiled.
Entity <ssp_ad_preaddr_clock_driver> compiled.
Entity <ssp_ad_preaddr_clock_driver> (Architecture <structural>) compiled.
Entity <ssp_ad_preaddr_cw> compiled.
Entity <ssp_ad_preaddr_cw> (Architecture <structural>) compiled.


Analyzing HDL attributes ...
INFO:MDT - IPTYPE set to value : PERIPHERAL
INFO:MDT - IMP_NETLIST set to value : TRUE
INFO:MDT - HDL set to value : VHDL
WARNING:MDT - Unable to delete temparary project file
   C:\edk_user_repository\MyProcessorIPLib\pcores\ssp_ad_preaddr.prj : 13
Copying file ssp_ad_preaddr.vhd to
C:\edk_user_repository\MyProcessorIPLib\pcores/ssp_ad_preaddr_v2_00_b/hdl/vhdl/
...
Copying file ssp_ad_preaddr_cw.vhd to
C:\edk_user_repository\MyProcessorIPLib\pcores/ssp_ad_preaddr_v2_00_b/hdl/vhdl/
...

Thank you for using Create and Import Peripheral Wizard! Please find your
imported peripheral under
C:\edk_user_repository\MyProcessorIPLib\pcores\ssp_ad_preaddr_v2_00_b.

Summary:

  Logical library     : ssp_ad_preaddr_v2_00_b
  Version             : 2.00.b
  Bus interface(s)    : None

The following sub-directories will be created:

  - ssp_ad_preaddr_v2_00_b\data
  - ssp_ad_preaddr_v2_00_b\hdl
  - ssp_ad_preaddr_v2_00_b\hdl\vhdl
  - ssp_ad_preaddr_v2_00_b\netlist


The following HDL source files will be copied into the
ssp_ad_preaddr_v2_00_b\hdl\vhdl directory:

  - ssp_ad_preaddr.vhd
  - ssp_ad_preaddr_cw.vhd

The following files will be created under the ssp_ad_preaddr_v2_00_b\data
directory:

  - ssp_ad_preaddr_v2_1_0.mpd
  - ssp_ad_preaddr_v2_1_0.pao

  - ssp_ad_preaddr_v2_1_0.bbd

The following netlist file(s) will be copied into the
ssp_ad_preaddr_v2_00_b\netlist directory:

  - xlpersistentdff.ngc
  - adder_subtracter_virtex4_7_0_7161b523aa791f67.edn
  - binary_counter_virtex4_7_0_05c60f15ba9b4566.edn


